<?xml version="1.0" encoding="UTF-8"?>
<!-- Generated by org.testng.reporters.JUnitXMLReporter -->
<testsuite ignored="0" hostname="DESKTOP-PHIMLF5" failures="0" tests="2" name="Test" time="84.935" errors="0" timestamp="2022-08-17T12:23:15 IST">
  <testcase classname="com.mavenproject.qa.TestCases.LoginTest" name="FacebookLoginPageTest" time="7.437"/>
  <testcase classname="com.mavenproject.qa.TestCases.RegistrationTest" name="FacebookRegistrationPageTest" time="8.636"/>
</testsuite> <!-- Test -->
