<?xml version="1.0" encoding="UTF-8"?>
<testng-results ignored="0" total="2" passed="2" failed="0" skipped="0">
  <reporter-output>
    <line>
      <![CDATA[verifyFacebookLoginPageLogo]]>
    </line>
    <line>
      <![CDATA[verifyFacebookLoginPageTagline]]>
    </line>
    <line>
      <![CDATA[verifyFacebookLoginPageCreateNewAccountBtn]]>
    </line>
    <line>
      <![CDATA[verifyFacebookLoginPageCreatePage]]>
    </line>
    <line>
      <![CDATA[verifyFacebookLoginPageLogo]]>
    </line>
    <line>
      <![CDATA[setFacebookLoginPageUsername]]>
    </line>
    <line>
      <![CDATA[setFacebookLoginPagePassword]]>
    </line>
    <line>
      <![CDATA[clickFacebookLoginPageLoginBtn]]>
    </line>
  </reporter-output>
  <suite started-at="2022-08-17T12:21:50 IST" name="Suite" finished-at="2022-08-17T12:23:15 IST" duration-ms="84935">
    <groups>
    </groups>
    <test started-at="2022-08-17T12:21:50 IST" name="Test" finished-at="2022-08-17T12:23:15 IST" duration-ms="84935">
      <class name="com.mavenproject.qa.TestCases.RegistrationTest">
        <test-method is-config="true" signature="setup()[pri:0, instance:com.mavenproject.qa.TestCases.RegistrationTest@1b1426f4]" started-at="2022-08-17T12:22:44 IST" name="setup" finished-at="2022-08-17T12:23:05 IST" duration-ms="21166" status="PASS">
          <reporter-output>
          </reporter-output>
        </test-method> <!-- setup -->
        <test-method signature="FacebookRegistrationPageTest()[pri:0, instance:com.mavenproject.qa.TestCases.RegistrationTest@1b1426f4]" started-at="2022-08-17T12:23:05 IST" name="FacebookRegistrationPageTest" finished-at="2022-08-17T12:23:14 IST" duration-ms="8636" status="PASS">
          <reporter-output>
          </reporter-output>
        </test-method> <!-- FacebookRegistrationPageTest -->
        <test-method is-config="true" signature="teardown()[pri:0, instance:com.mavenproject.qa.TestCases.RegistrationTest@1b1426f4]" started-at="2022-08-17T12:23:14 IST" name="teardown" finished-at="2022-08-17T12:23:15 IST" duration-ms="608" status="PASS">
          <reporter-output>
          </reporter-output>
        </test-method> <!-- teardown -->
      </class> <!-- com.mavenproject.qa.TestCases.RegistrationTest -->
      <class name="com.mavenproject.qa.TestCases.LoginTest">
        <test-method is-config="true" signature="setup()[pri:0, instance:com.mavenproject.qa.TestCases.LoginTest@4d5b6aac]" started-at="2022-08-17T12:21:50 IST" name="setup" finished-at="2022-08-17T12:22:32 IST" duration-ms="42673" status="PASS">
          <reporter-output>
          </reporter-output>
        </test-method> <!-- setup -->
        <test-method signature="FacebookLoginPageTest()[pri:0, instance:com.mavenproject.qa.TestCases.LoginTest@4d5b6aac]" started-at="2022-08-17T12:22:32 IST" name="FacebookLoginPageTest" finished-at="2022-08-17T12:22:40 IST" duration-ms="7437" status="PASS">
          <reporter-output>
            <line>
              <![CDATA[verifyFacebookLoginPageLogo]]>
            </line>
            <line>
              <![CDATA[verifyFacebookLoginPageTagline]]>
            </line>
            <line>
              <![CDATA[verifyFacebookLoginPageCreateNewAccountBtn]]>
            </line>
            <line>
              <![CDATA[verifyFacebookLoginPageCreatePage]]>
            </line>
            <line>
              <![CDATA[verifyFacebookLoginPageLogo]]>
            </line>
            <line>
              <![CDATA[setFacebookLoginPageUsername]]>
            </line>
            <line>
              <![CDATA[setFacebookLoginPagePassword]]>
            </line>
            <line>
              <![CDATA[clickFacebookLoginPageLoginBtn]]>
            </line>
          </reporter-output>
        </test-method> <!-- FacebookLoginPageTest -->
        <test-method is-config="true" signature="teardown()[pri:0, instance:com.mavenproject.qa.TestCases.LoginTest@4d5b6aac]" started-at="2022-08-17T12:22:40 IST" name="teardown" finished-at="2022-08-17T12:22:44 IST" duration-ms="4288" status="PASS">
          <reporter-output>
          </reporter-output>
        </test-method> <!-- teardown -->
      </class> <!-- com.mavenproject.qa.TestCases.LoginTest -->
    </test> <!-- Test -->
  </suite> <!-- Suite -->
</testng-results>
